2025-07-05 17:40:51 update API docs
2025-11-25 05:39:45 update workflow
2025-03-18 00:22:10 fix encoding issue
2025-07-23 13:08:05 minor tweaks
2025-09-10 12:02:04 temporary fix
2025-01-08 06:30:57 UI improvements
2025-01-19 23:54:28 cleanup code
2025-03-29 03:54:12 fix crash issue
2025-05-18 09:31:14 cleanup dependencies
2025-09-25 10:27:56 security patch
2025-02-11 20:40:17 optimize queries
2025-08-21 03:14:05 enhance error reporting
2025-09-10 06:31:03 add helper function
2025-06-09 10:02:29 reduce complexity
2025-05-02 15:09:56 remove unused import
2025-11-15 05:36:42 fix compatibility
2025-04-26 00:23:33 fix bug
2025-09-22 12:19:37 tweak configs
2025-07-23 03:49:39 fix timezone issue
2025-12-23 18:58:13 UI improvements
2025-01-29 08:18:40 restructure project
2025-12-08 21:25:52 restructure modules
2025-12-17 22:16:22 change configuration
2025-01-12 22:12:06 upgrade dependencies
2025-03-31 01:01:24 remove test code
2025-11-16 14:58:22 adjust validation rules
2025-05-02 06:52:57 minor refactor
2025-08-29 16:43:17 add integration tests
2025-02-26 05:07:39 initial commit
2025-08-26 12:32:13 cleanup dependencies
2025-11-06 21:38:46 refactor code
2025-03-25 05:06:43 increase test coverage
2025-02-12 22:02:01 adjust validation rules
2025-09-21 02:30:39 update LICENSE
2025-08-01 10:34:02 add logging
2025-05-21 08:28:42 update schema migration
2025-08-04 19:26:13 minor refactor
2025-04-22 01:58:25 improve caching
2025-06-08 13:18:05 restructure modules
2025-08-12 05:29:38 update logging
